<?xml version="1.0" encoding="UTF-8"?>
<robot generator="Robot 7.1.1 (Python 3.13.0 on win32)" generated="2024-11-29T13:56:37.283535" rpa="false" schemaversion="5">
<suite id="s1" name="Testcases" source="H:\GIT\LearningRobot\ClassProjectRobotframework\Automate\ClassProject_FutureSkill\Testcases">
<suite id="s1-s1" name="RegisTestcases" source="H:\GIT\LearningRobot\ClassProjectRobotframework\Automate\ClassProject_FutureSkill\Testcases\RegisTestcases.robot">
<kw name="Open Browser" owner="SeleniumLibrary" type="SETUP">
<msg time="2024-11-29T13:56:37.602525" level="INFO">Opening browser 'gc' to base url 'https://futureskill.co/'.</msg>
<arg>${BaseURL}</arg>
<arg>browser=gc</arg>
<doc>Opens a new browser instance to the optional ``url``.</doc>
<status status="PASS" start="2024-11-29T13:56:37.602220" elapsed="1.916354"/>
</kw>
<test id="s1-s1-t1" name="As a user, I want to Register and then have oth" line="11">
<kw name="When RegisPage.User register to futurn skill platfrom with ${Email} and ${Firthname} and ${Lastname} and ${Phone} and ${Firstpassword} and ${Secoundpassword}" owner="RegisPage" source_name="User register to futurn skill platfrom with ${Email} and ${Firsthname} and ${Lastname} and ${Phone} and ${FirstPass} and ${SecoundPass}">
<kw name="Wait unti element is ready then click element" owner="CommonKeywords">
<kw name="Wait Until Keyword Succeeds" owner="BuiltIn">
<kw name="Click Element" owner="SeleniumLibrary">
<msg time="2024-11-29T13:56:39.522077" level="INFO">Clicking element '//button[text()="สมัครสมาชิก"]'.</msg>
<msg time="2024-11-29T13:56:40.478079" level="INFO" html="true">&lt;/td&gt;&lt;/tr&gt;&lt;tr&gt;&lt;td colspan="3"&gt;&lt;a href="selenium-screenshot-1.png"&gt;&lt;img src="selenium-screenshot-1.png" width="800px"&gt;&lt;/a&gt;</msg>
<msg time="2024-11-29T13:56:40.478265" level="FAIL">Element with locator '//button[text()="สมัครสมาชิก"]' not found.</msg>
<arg>${Locator}</arg>
<doc>Click the element identified by ``locator``.</doc>
<status status="FAIL" start="2024-11-29T13:56:39.521566" elapsed="0.983080">Element with locator '//button[text()="สมัครสมาชิก"]' not found.</status>
</kw>
<kw name="Click Element" owner="SeleniumLibrary">
<msg time="2024-11-29T13:56:42.505429" level="INFO">Clicking element '//button[text()="สมัครสมาชิก"]'.</msg>
<arg>${Locator}</arg>
<doc>Click the element identified by ``locator``.</doc>
<status status="PASS" start="2024-11-29T13:56:42.505168" elapsed="0.665306"/>
</kw>
<arg>5x</arg>
<arg>2</arg>
<arg>Click Element</arg>
<arg>${Locator}</arg>
<doc>Runs the specified keyword and retries if it fails.</doc>
<status status="PASS" start="2024-11-29T13:56:39.521198" elapsed="3.649386"/>
</kw>
<arg>Locator=//button[text()="สมัครสมาชิก"]</arg>
<status status="PASS" start="2024-11-29T13:56:39.520744" elapsed="3.649947"/>
</kw>
<kw name="Wait until element is ready then input text" owner="CommonKeywords">
<kw name="Wait Until Keyword Succeeds" owner="BuiltIn">
<kw name="Input Text" owner="SeleniumLibrary">
<msg time="2024-11-29T13:56:43.171673" level="INFO">Typing text 'futurnregirter@gmail.com' into text field '//input[@name="email"]'.</msg>
<arg>${Locator}</arg>
<arg>${Text}</arg>
<doc>Types the given ``text`` into the text field identified by ``locator``.</doc>
<status status="PASS" start="2024-11-29T13:56:43.171461" elapsed="0.383685"/>
</kw>
<arg>5x</arg>
<arg>2</arg>
<arg>Input Text</arg>
<arg>${Locator}</arg>
<arg>${Text}</arg>
<doc>Runs the specified keyword and retries if it fails.</doc>
<status status="PASS" start="2024-11-29T13:56:43.171276" elapsed="0.383982"/>
</kw>
<arg>Locator=//input[@name="email"]</arg>
<arg>Text=${Email}</arg>
<status status="PASS" start="2024-11-29T13:56:43.170890" elapsed="0.384475"/>
</kw>
<kw name="Wait until element is ready then input text" owner="CommonKeywords">
<kw name="Wait Until Keyword Succeeds" owner="BuiltIn">
<kw name="Input Text" owner="SeleniumLibrary">
<msg time="2024-11-29T13:56:43.556351" level="INFO">Typing text 'ชื่อทดสอบ' into text field '//input[@name="firstName"]'.</msg>
<arg>${Locator}</arg>
<arg>${Text}</arg>
<doc>Types the given ``text`` into the text field identified by ``locator``.</doc>
<status status="PASS" start="2024-11-29T13:56:43.556136" elapsed="0.108283"/>
</kw>
<arg>5x</arg>
<arg>2</arg>
<arg>Input Text</arg>
<arg>${Locator}</arg>
<arg>${Text}</arg>
<doc>Runs the specified keyword and retries if it fails.</doc>
<status status="PASS" start="2024-11-29T13:56:43.555949" elapsed="0.108579"/>
</kw>
<arg>Locator=//input[@name="firstName"]</arg>
<arg>Text=${Firsthname}</arg>
<status status="PASS" start="2024-11-29T13:56:43.555567" elapsed="0.109058"/>
</kw>
<kw name="Wait until element is ready then input text" owner="CommonKeywords">
<kw name="Wait Until Keyword Succeeds" owner="BuiltIn">
<kw name="Input Text" owner="SeleniumLibrary">
<msg time="2024-11-29T13:56:43.665573" level="INFO">Typing text 'นามสกุลทดสอบ' into text field '//input[@name="lastName"]'.</msg>
<arg>${Locator}</arg>
<arg>${Text}</arg>
<doc>Types the given ``text`` into the text field identified by ``locator``.</doc>
<status status="PASS" start="2024-11-29T13:56:43.665366" elapsed="0.093485"/>
</kw>
<arg>5x</arg>
<arg>2</arg>
<arg>Input Text</arg>
<arg>${Locator}</arg>
<arg>${Text}</arg>
<doc>Runs the specified keyword and retries if it fails.</doc>
<status status="PASS" start="2024-11-29T13:56:43.665192" elapsed="0.093768"/>
</kw>
<arg>Locator=//input[@name="lastName"]</arg>
<arg>Text=${Lastname}</arg>
<status status="PASS" start="2024-11-29T13:56:43.664818" elapsed="0.094237"/>
</kw>
<kw name="Wait until element is ready then input text" owner="CommonKeywords">
<kw name="Wait Until Keyword Succeeds" owner="BuiltIn">
<kw name="Input Text" owner="SeleniumLibrary">
<msg time="2024-11-29T13:56:43.759997" level="INFO">Typing text '0853165121' into text field '//input[@name="phoneNumber"]'.</msg>
<arg>${Locator}</arg>
<arg>${Text}</arg>
<doc>Types the given ``text`` into the text field identified by ``locator``.</doc>
<status status="PASS" start="2024-11-29T13:56:43.759789" elapsed="0.096753"/>
</kw>
<arg>5x</arg>
<arg>2</arg>
<arg>Input Text</arg>
<arg>${Locator}</arg>
<arg>${Text}</arg>
<doc>Runs the specified keyword and retries if it fails.</doc>
<status status="PASS" start="2024-11-29T13:56:43.759613" elapsed="0.097034"/>
</kw>
<arg>Locator=//input[@name="phoneNumber"]</arg>
<arg>Text=${Phone}</arg>
<status status="PASS" start="2024-11-29T13:56:43.759243" elapsed="0.097500"/>
</kw>
<kw name="Wait until element is ready then input text" owner="CommonKeywords">
<kw name="Wait Until Keyword Succeeds" owner="BuiltIn">
<kw name="Input Text" owner="SeleniumLibrary">
<msg time="2024-11-29T13:56:43.857687" level="INFO">Typing text 'Passw0rd123!' into text field '//input[@name="newPassword"]'.</msg>
<arg>${Locator}</arg>
<arg>${Text}</arg>
<doc>Types the given ``text`` into the text field identified by ``locator``.</doc>
<status status="PASS" start="2024-11-29T13:56:43.857479" elapsed="0.089166"/>
</kw>
<arg>5x</arg>
<arg>2</arg>
<arg>Input Text</arg>
<arg>${Locator}</arg>
<arg>${Text}</arg>
<doc>Runs the specified keyword and retries if it fails.</doc>
<status status="PASS" start="2024-11-29T13:56:43.857301" elapsed="0.089453"/>
</kw>
<arg>Locator=//input[@name="newPassword"]</arg>
<arg>Text=${FirstPass}</arg>
<status status="PASS" start="2024-11-29T13:56:43.856935" elapsed="0.089913"/>
</kw>
<kw name="Wait until element is ready then input text" owner="CommonKeywords">
<kw name="Wait Until Keyword Succeeds" owner="BuiltIn">
<kw name="Input Text" owner="SeleniumLibrary">
<msg time="2024-11-29T13:56:43.947788" level="INFO">Typing text 'Passw0rd123!' into text field '//input[@placeholder="ยืนยันรหัสผ่าน"]'.</msg>
<arg>${Locator}</arg>
<arg>${Text}</arg>
<doc>Types the given ``text`` into the text field identified by ``locator``.</doc>
<status status="PASS" start="2024-11-29T13:56:43.947584" elapsed="0.086873"/>
</kw>
<arg>5x</arg>
<arg>2</arg>
<arg>Input Text</arg>
<arg>${Locator}</arg>
<arg>${Text}</arg>
<doc>Runs the specified keyword and retries if it fails.</doc>
<status status="PASS" start="2024-11-29T13:56:43.947410" elapsed="0.087298"/>
</kw>
<arg>Locator=//input[@placeholder="ยืนยันรหัสผ่าน"]</arg>
<arg>Text=${SecoundPass}</arg>
<status status="PASS" start="2024-11-29T13:56:43.947043" elapsed="0.087766"/>
</kw>
<kw name="Wait unti element is ready then click element" owner="CommonKeywords">
<kw name="Wait Until Keyword Succeeds" owner="BuiltIn">
<kw name="Click Element" owner="SeleniumLibrary">
<msg time="2024-11-29T13:56:44.035658" level="INFO">Clicking element '//input[@name="consent"]'.</msg>
<arg>${Locator}</arg>
<doc>Click the element identified by ``locator``.</doc>
<status status="PASS" start="2024-11-29T13:56:44.035477" elapsed="0.063174"/>
</kw>
<arg>5x</arg>
<arg>2</arg>
<arg>Click Element</arg>
<arg>${Locator}</arg>
<doc>Runs the specified keyword and retries if it fails.</doc>
<status status="PASS" start="2024-11-29T13:56:44.035300" elapsed="0.063507"/>
</kw>
<arg>Locator=//input[@name="consent"]</arg>
<status status="PASS" start="2024-11-29T13:56:44.035002" elapsed="0.063955"/>
</kw>
<kw name="Wait unti element is ready then click element" owner="CommonKeywords">
<kw name="Wait Until Keyword Succeeds" owner="BuiltIn">
<kw name="Click Element" owner="SeleniumLibrary">
<msg time="2024-11-29T13:56:44.100294" level="INFO">Clicking element '//button[text()="สมัครสมาชิก"]'.</msg>
<arg>${Locator}</arg>
<doc>Click the element identified by ``locator``.</doc>
<status status="PASS" start="2024-11-29T13:56:44.100026" elapsed="0.097309"/>
</kw>
<arg>5x</arg>
<arg>2</arg>
<arg>Click Element</arg>
<arg>${Locator}</arg>
<doc>Runs the specified keyword and retries if it fails.</doc>
<status status="PASS" start="2024-11-29T13:56:44.099780" elapsed="0.097674"/>
</kw>
<arg>Locator=//button[text()="สมัครสมาชิก"]</arg>
<status status="PASS" start="2024-11-29T13:56:44.099232" elapsed="0.098318"/>
</kw>
<status status="PASS" start="2024-11-29T13:56:39.519901" elapsed="4.677723"/>
</kw>
<kw name="Then HomepageKeywords.Future skill should display homepage and display massage as &quot;ระบบได้ส่งรหัส OTP ไปยังเบอร์โทรศัพท์&quot;" owner="HomepageKeywords" source_name="Future skill should display homepage and display massage as &quot;${expected_message}&quot;">
<kw name="Wait untill page contains element also then verify text" owner="CommonKeywords">
<kw name="Wait Until Keyword Succeeds" owner="BuiltIn">
<kw name="Page Should Contain" owner="SeleniumLibrary">
<msg time="2024-11-29T13:56:44.487530" level="INFO" html="true">&lt;/td&gt;&lt;/tr&gt;&lt;tr&gt;&lt;td colspan="3"&gt;&lt;a href="selenium-screenshot-2.png"&gt;&lt;img src="selenium-screenshot-2.png" width="800px"&gt;&lt;/a&gt;</msg>
<msg time="2024-11-29T13:56:44.487705" level="FAIL">StaleElementReferenceException: Message: stale element reference: stale element not found in the current frame
  (Session info: chrome=131.0.6778.86); For documentation on this error, please visit: https://www.selenium.dev/documentation/webdriver/troubleshooting/errors#stale-element-reference-exception
Stacktrace:
	GetHandleVerifier [0x00007FF778356CB5+28821]
	(No symbol) [0x00007FF7782C3840]
	(No symbol) [0x00007FF77816578A]
	(No symbol) [0x00007FF77816C2ED]
	(No symbol) [0x00007FF77816EFCC]
	(No symbol) [0x00007FF77816F09F]
	(No symbol) [0x00007FF7781BCBD4]
	(No symbol) [0x00007FF7782015EB]
	(No symbol) [0x00007FF7781DF2FA]
	(No symbol) [0x00007FF7781FF412]
	(No symbol) [0x00007FF7781DF0A3]
	(No symbol) [0x00007FF7781AA778]
	(No symbol) [0x00007FF7781AB8E1]
	GetHandleVerifier [0x00007FF77868FCAD+3408013]
	GetHandleVerifier [0x00007FF7786A741F+3504127]
	GetHandleVerifier [0x00007FF77869B5FD+3455453]
	GetHandleVerifier [0x00007FF77841BDBB+835995]
	(No symbol) [0x00007FF7782CEB5F]
	(No symbol) [0x00007FF7782CA814]
	(No symbol) [0x00007FF7782CA9AD]
	(No symbol) [0x00007FF7782BA199]
	BaseThreadInitThunk [0x00007FFDC7F0259D+29]
	RtlUserThreadStart [0x00007FFDC9A2AF38+40]
</msg>
<arg>${expected_text}</arg>
<doc>Verifies that current page contains ``text``.</doc>
<status status="FAIL" start="2024-11-29T13:56:44.198888" elapsed="0.291336">StaleElementReferenceException: Message: stale element reference: stale element not found in the current frame
  (Session info: chrome=131.0.6778.86); For documentation on this error, please visit: https://www.selenium.dev/documentation/webdriver/troubleshooting/errors#stale-element-reference-exception
Stacktrace:
	GetHandleVerifier [0x00007FF778356CB5+28821]
	(No symbol) [0x00007FF7782C3840]
	(No symbol) [0x00007FF77816578A]
	(No symbol) [0x00007FF77816C2ED]
	(No symbol) [0x00007FF77816EFCC]
	(No symbol) [0x00007FF77816F09F]
	(No symbol) [0x00007FF7781BCBD4]
	(No symbol) [0x00007FF7782015EB]
	(No symbol) [0x00007FF7781DF2FA]
	(No symbol) [0x00007FF7781FF412]
	(No symbol) [0x00007FF7781DF0A3]
	(No symbol) [0x00007FF7781AA778]
	(No symbol) [0x00007FF7781AB8E1]
	GetHandleVerifier [0x00007FF77868FCAD+3408013]
	GetHandleVerifier [0x00007FF7786A741F+3504127]
	GetHandleVerifier [0x00007FF77869B5FD+3455453]
	GetHandleVerifier [0x00007FF77841BDBB+835995]
	(No symbol) [0x00007FF7782CEB5F]
	(No symbol) [0x00007FF7782CA814]
	(No symbol) [0x00007FF7782CA9AD]
	(No symbol) [0x00007FF7782BA199]
	BaseThreadInitThunk [0x00007FFDC7F0259D+29]
	RtlUserThreadStart [0x00007FFDC9A2AF38+40]
</status>
</kw>
<kw name="Page Should Contain" owner="SeleniumLibrary">
<msg time="2024-11-29T13:56:46.499639" level="INFO">Current page contains text 'ระบบได้ส่งรหัส OTP ไปยังเบอร์โทรศัพท์'.</msg>
<arg>${expected_text}</arg>
<doc>Verifies that current page contains ``text``.</doc>
<status status="PASS" start="2024-11-29T13:56:46.490713" elapsed="0.009022"/>
</kw>
<arg>5x</arg>
<arg>2</arg>
<arg>Page should contain</arg>
<arg>${expected_text}</arg>
<doc>Runs the specified keyword and retries if it fails.</doc>
<status status="PASS" start="2024-11-29T13:56:44.198702" elapsed="2.301124"/>
</kw>
<arg>${expected_message}</arg>
<status status="PASS" start="2024-11-29T13:56:44.198416" elapsed="2.301501"/>
</kw>
<status status="PASS" start="2024-11-29T13:56:44.198072" elapsed="2.301914"/>
</kw>
<status status="PASS" start="2024-11-29T13:56:39.518901" elapsed="6.981332"/>
</test>
<kw name="Close Browser" owner="SeleniumLibrary" type="TEARDOWN">
<doc>Closes the current browser.</doc>
<status status="PASS" start="2024-11-29T13:56:46.500928" elapsed="2.151823"/>
</kw>
<status status="PASS" start="2024-11-29T13:56:37.320624" elapsed="11.332224"/>
</suite>
<status status="PASS" start="2024-11-29T13:56:37.285502" elapsed="11.368308"/>
</suite>
<statistics>
<total>
<stat pass="1" fail="0" skip="0">All Tests</stat>
</total>
<tag>
</tag>
<suite>
<stat pass="1" fail="0" skip="0" id="s1" name="Testcases">Testcases</stat>
<stat pass="1" fail="0" skip="0" id="s1-s1" name="RegisTestcases">Testcases.RegisTestcases</stat>
</suite>
</statistics>
<errors>
</errors>
</robot>
